time=19:39:17 level=INFO source=main.go:62 msg="Peer update" peerUpdate="{Peers:[node-0] New: Lost:[]}"
time=19:39:17 level=DEBUG source=fsm.go:32 msg="Stopping at floor" floor=3
time=19:39:17 level=DEBUG source=fsm.go:125 msg="Starting door timer"
time=19:39:17 level=INFO source=main.go:62 msg="Peer update" peerUpdate="{Peers:[node-0 node-1] New: Lost:[]}"
time=19:39:20 level=DEBUG source=fsm.go:93 msg="Door timer expired" floor=3 obstructed=false
time=19:39:20 level=DEBUG source=fsm.go:103 msg="Closing door and changing state" floor=3
time=19:39:20 level=DEBUG source=timer.go:37 msg="Timer timed out"
time=19:39:22 level=DEBUG source=elevator_io.go:64 msg="Button pressed" floor=0 button=0
time=19:39:22 level=DEBUG source=elevator_io.go:68 msg="Button event sent" floor=0 button=0
time=19:39:22 level=DEBUG source=hall_handler.go:20 msg="MULTIPLE ELEVATORS"
time=19:39:22 level=DEBUG source=hall_handler.go:22 msg="Initial bid" cost=6s
time=19:39:22 level=DEBUG source=hall_handler.go:35 msg="Sending initial bid"
time=19:39:22 level=DEBUG source=network.go:50 msg="Detected message in buffer" type=0
time=19:39:22 level=DEBUG source=bid_handler.go:18 msg="Entered HandleBid"
time=19:39:22 level=DEBUG source=bid_handler.go:18 msg="Entered HandleBid"
time=19:39:22 level=DEBUG source=bid_handler.go:64 msg="Received secondary bid"
time=19:39:22 level=DEBUG source=bid_handler.go:72 msg="Stored secondary bid" HallOrders:="map[0:{BtnEvent:{Floor:0 Button:0} Cost:4s} 1:{BtnEvent:{Floor:0 Button:0} Cost:6s}]"
time=19:39:22 level=DEBUG source=bid_handler.go:78 msg="Checking if all bids are received" bids:=2 peers:=2
time=19:39:22 level=DEBUG source=bid_handler.go:93 msg="Entered findAssignee"
time=19:39:22 level=DEBUG source=bid_handler.go:108 msg="Assigning order to" nodeID=0 cost=4s "All bids"="map[0:{BtnEvent:{Floor:0 Button:0} Cost:4s} 1:{BtnEvent:{Floor:0 Button:0} Cost:6s}]"
